<?xml version="1.0" encoding="UTF-8"?>
<!-- Generated by org.testng.reporters.JUnitReportReporter -->
<testsuite hostname="DESKTOP-HV6VPL8" failures="0" tests="1" name="T1" time="3.499" errors="0" timestamp="2021-05-24T10:58:35 IST" skipped="0">
  <testcase classname="T1" name="open" time="3.499"/>
  <system-out/>
</testsuite> <!-- T1 -->
