<?xml version="1.0" encoding="UTF-8"?>
<!-- Generated by org.testng.reporters.JUnitReportReporter -->
<testsuite hostname="DESKTOP-HV6VPL8" failures="0" tests="1" name="scripts.Addtocart" time="30.998" errors="0" timestamp="2021-05-24T11:42:16 IST" skipped="0">
  <testcase classname="scripts.Addtocart" name="addproduct" time="30.998"/>
  <system-out/>
</testsuite> <!-- scripts.Addtocart -->
